-------------------------------------------------------------------------------
Test set: br.pucrs.sicredi.server.main.SpringRestControllerFullAppApplicationTests
-------------------------------------------------------------------------------
Tests run: 1, Failures: 0, Errors: 1, Skipped: 0, Time elapsed: 0.246 s <<< FAILURE! - in br.pucrs.sicredi.server.main.SpringRestControllerFullAppApplicationTests
br.pucrs.sicredi.server.main.SpringRestControllerFullAppApplicationTests  Time elapsed: 0.245 s  <<< ERROR!
java.lang.IllegalStateException: Unable to find a @SpringBootConfiguration, you need to use @ContextConfiguration or @SpringBootTest(classes=...) with your test

